<?xml version="1.0" encoding="UTF-8"?>
<!-- Generated by org.testng.reporters.JUnitReportReporter -->
<testsuite hostname="DESKTOP-MC3KBP8" failures="0" tests="5" name="com.tutorialninja.qa.testcase.LoginTest" time="80.126" errors="0" timestamp="2023-06-07T17:45:38 EDT" skipped="0">
  <testcase classname="com.tutorialninja.qa.testcase.LoginTest" name="verifyLoginWithValidCredentials" time="16.251"/>
  <system-out/>
  <testcase classname="com.tutorialninja.qa.testcase.LoginTest" name="verifyLoginWithValidEmailInvalidPassword" time="15.445"/>
  <system-out/>
  <testcase classname="com.tutorialninja.qa.testcase.LoginTest" name="verifyLoginWithInvalidEmailvalidPassword" time="17.521"/>
  <system-out/>
  <testcase classname="com.tutorialninja.qa.testcase.LoginTest" name="verifyLoginWithInvalidCredentials" time="15.336"/>
  <system-out/>
  <testcase classname="com.tutorialninja.qa.testcase.LoginTest" name="verifyLoginWithoutCredentails" time="15.573"/>
  <system-out/>
</testsuite> <!-- com.tutorialninja.qa.testcase.LoginTest -->
