<?xml version="1.0" encoding="UTF-8"?>
<!-- Generated by org.testng.reporters.JUnitReportReporter -->
<testsuite hostname="DESKTOP-MC3KBP8" failures="0" tests="4" name="com.tutorialninja.qa.testcase.RegisterTest" time="102.416" errors="0" timestamp="2023-06-07T11:06:22 EDT" skipped="0">
  <testcase classname="com.tutorialninja.qa.testcase.RegisterTest" name="registerWithManadatoryFieldds" time="18.472"/>
  <system-out/>
  <testcase classname="com.tutorialninja.qa.testcase.RegisterTest" name="registerWithAllfields" time="24.025"/>
  <system-out/>
  <testcase classname="com.tutorialninja.qa.testcase.RegisterTest" name="registerWithExistingEmailid" time="29.677"/>
  <system-out/>
  <testcase classname="com.tutorialninja.qa.testcase.RegisterTest" name="registerWithNoFields" time="30.242"/>
  <system-out/>
</testsuite> <!-- com.tutorialninja.qa.testcase.RegisterTest -->
