<?xml version="1.0" encoding="UTF-8"?>
<!-- Generated by org.testng.reporters.JUnitReportReporter -->
<testsuite hostname="DESKTOP-MC3KBP8" failures="0" tests="3" name="com.tutorialninja.qa.testcase.SearchproductTest" time="52.227" errors="0" timestamp="2023-06-07T11:06:22 EDT" skipped="0">
  <testcase classname="com.tutorialninja.qa.testcase.SearchproductTest" name="verifyValidProduct" time="17.821"/>
  <system-out/>
  <testcase classname="com.tutorialninja.qa.testcase.SearchproductTest" name="verifyInvalidProduct" time="17.923"/>
  <system-out/>
  <testcase classname="com.tutorialninja.qa.testcase.SearchproductTest" name="verifySearchWithoutProduct" time="16.483"/>
  <system-out/>
</testsuite> <!-- com.tutorialninja.qa.testcase.SearchproductTest -->
